2024-06-11 12:46:21 0 [Note] Starting MariaDB 10.4.32-MariaDB source revision c4143f909528e3fab0677a28631d10389354c491 as process 26036
2024-06-11 12:46:21 0 [Note] InnoDB: Mutexes and rw_locks use Windows interlocked functions
2024-06-11 12:46:21 0 [Note] InnoDB: Uses event mutexes
2024-06-11 12:46:21 0 [Note] InnoDB: Compressed tables use zlib 1.3
2024-06-11 12:46:21 0 [Note] InnoDB: Number of pools: 1
2024-06-11 12:46:21 0 [Note] InnoDB: Using SSE2 crc32 instructions
2024-06-11 12:46:21 0 [Note] InnoDB: Initializing buffer pool, total size = 16M, instances = 1, chunk size = 16M
2024-06-11 12:46:21 0 [Note] InnoDB: Completed initialization of buffer pool
2024-06-11 12:46:21 0 [Note] InnoDB: Starting crash recovery from checkpoint LSN=300288
2024-06-11 12:46:21 0 [Note] InnoDB: 128 out of 128 rollback segments are active.
2024-06-11 12:46:21 0 [Note] InnoDB: Removed temporary tablespace data file: "ibtmp1"
2024-06-11 12:46:21 0 [Note] InnoDB: Creating shared tablespace for temporary tables
2024-06-11 12:46:21 0 [Note] InnoDB: Setting file 'C:\xampp\mysql\data\ibtmp1' size to 12 MB. Physically writing the file full; Please wait ...
2024-06-11 12:46:21 0 [Note] InnoDB: File 'C:\xampp\mysql\data\ibtmp1' size is now 12 MB.
2024-06-11 12:46:22 0 [Note] InnoDB: 10.4.32 started; log sequence number 300297; transaction id 170
2024-06-11 12:46:22 0 [Note] InnoDB: Loading buffer pool(s) from C:\xampp\mysql\data\ib_buffer_pool
2024-06-11 12:46:22 0 [Note] Plugin 'FEEDBACK' is disabled.
2024-06-11 12:46:22 0 [Note] Server socket created on IP: '::'.
2024-06-11 12:46:22 0 [Note] InnoDB: Buffer pool(s) load completed at 2402024-06-11 12:51:06 0 [Note] Starting MariaDB 10.4.32-MariaDB source revision c4143f909528e3fab0677a28631d10389354c491 as process 14568
2024-06-11 12:51:06 0 [Note] InnoDB: Mutexes and rw_locks use Windows interlocked functions
2024-06-11 12:51:06 0 [Note] InnoDB: Uses event mutexes
2024-06-11 12:51:06 0 [Note] InnoDB: Compressed tables use zlib 1.3
2024-06-11 12:51:06 0 [Note] InnoDB: Number of pools: 1
2024-06-11 12:51:06 0 [Note] InnoDB: Using SSE2 crc32 instructions
2024-06-11 12:51:06 0 [Note] InnoDB: Initializing buffer pool, total size = 16M, instances = 1, chunk size = 16M
2024-06-11 12:51:06 0 [Note] InnoDB: Completed initialization of buffer pool
2024-06-11 12:51:06 0 [Note] InnoDB: Starting crash recovery from checkpoint LSN=304223
2024-06-11 12:51:06 0 [Note] InnoDB: 128 out of 128 rollback segments are active.
2024-06-11 12:51:06 0 [Note] InnoDB: Removed temporary tablespace data file: "ibtmp1"
2024-06-11 12:51:06 0 [Note] InnoDB: Creating shared tablespace for temporary tables
2024-06-11 12:51:06 0 [Note] InnoDB: Setting file 'C:\xampp\mysql\data\ibtmp1' size to 12 MB. Physically writing the file full; Please wait ...
2024-06-11 12:51:06 0 [Note] InnoDB: File 'C:\xampp\mysql\data\ibtmp1' size is now 12 MB.
2024-06-11 12:51:06 0 [Note] InnoDB: 10.4.32 started; log sequence number 304232; transaction id 195
2024-06-11 12:51:06 0 [Note] InnoDB: Loading buffer pool(s) from C:\xampp\mysql\data\ib_buffer_pool
2024-06-11 12:51:06 0 [Note] Plugin 'FEEDBACK' is disabled.
2024-06-11 12:51:06 0 [Note] InnoDB: Buffer pool(s) load completed at 240611 12:51:06
2024-06-11 12:51:06 0 [Note] Server socket created on IP: '::'.
2024-06-11 12:51:08 0 [Note] Starting MariaDB 10.4.32-MariaDB source revision c4143f909528e3fab0677a28631d10389354c491 as process 2948
2024-06-11 12:51:08 0 [Note] InnoDB: Mutexes and rw_locks use Windows interlocked functions
2024-06-11 12:51:08 0 [Note] InnoDB: Uses event mutexes
2024-06-11 12:51:08 0 [Note] InnoDB: Compressed tables use zlib 1.3
2024-06-11 12:51:08 0 [Note] InnoDB: Number of pools: 1
2024-06-11 12:51:08 0 [Note] InnoDB: Using SSE2 crc32 instructions
2024-06-11 12:51:08 0 [Note] InnoDB: Initializing buffer pool, total size = 16M, instances = 1, chunk size = 16M
2024-06-11 12:51:08 0 [Note] InnoDB: Completed initialization of buffer pool
2024-06-11 12:51:08 0 [Note] InnoDB: Starting crash recovery from checkpoint LSN=304223
2024-06-11 12:51:08 0 [Note] InnoDB: 128 out of 128 rollback segments are active.
2024-06-11 12:51:08 0 [Note] InnoDB: Removed temporary tablespace data file: "ibtmp1"
2024-06-11 12:51:08 0 [Note] InnoDB: Creating shared tablespace for temporary tables
2024-06-11 12:51:08 0 [Note] InnoDB: Setting file 'C:\xampp\mysql\data\ibtmp1' size to 12 MB. Physically writing the file full; Please wait ...
2024-06-11 12:51:08 0 [Note] InnoDB: File 'C:\xampp\mysql\data\ibtmp1' size is now 12 MB.
2024-06-11 12:51:08 0 [Note] InnoDB: 10.4.32 started; log sequence number 304232; transaction id 195
2024-06-11 12:51:08 0 [Note] InnoDB: Loading buffer pool(s) from C:\xampp\mysql\data\ib_buffer_pool
2024-06-11 12:51:08 0 [Note] Plugin 'FEEDBACK' is disabled.
2024-06-11 12:51:08 0 [Note] Server socket created on IP: '::'.
2024-06-11 13:02:11 0 [Note] Starting MariaDB 10.4.32-MariaDB source revision c4143f909528e3fab0677a28631d10389354c491 as process 23080
2024-06-11 13:02:11 0 [Note] InnoDB: Mutexes and rw_locks use Windows interlocked functions
2024-06-11 13:02:11 0 [Note] InnoDB: Uses event mutexes
2024-06-11 13:02:11 0 [Note] InnoDB: Compressed tables use zlib 1.3
2024-06-11 13:02:11 0 [Note] InnoDB: Number of pools: 1
2024-06-11 13:02:11 0 [Note] InnoDB: Using SSE2 crc32 instructions
2024-06-11 13:02:11 0 [Note] InnoDB: Initializing buffer pool, total size = 16M, instances = 1, chunk size = 16M
2024-06-11 13:02:11 0 [Note] InnoDB: Completed initialization of buffer pool
2024-06-11 13:02:11 0 [Note] InnoDB: Starting crash recovery from checkpoint LSN=7425584
2024-06-11 13:02:11 0 [Note] InnoDB: 128 out of 128 rollback segments are active.
2024-06-11 13:02:11 0 [Note] InnoDB: Removed temporary tablespace data file: "ibtmp1"
2024-06-11 13:02:11 0 [Note] InnoDB: Creating shared tablespace for temporary tables
2024-06-11 13:02:11 0 [Note] InnoDB: Setting file 'C:\xampp\mysql\data\ibtmp1' size to 12 MB. Physically writing the file full; Please wait ...
2024-06-11 13:02:11 0 [Note] InnoDB: File 'C:\xampp\mysql\data\ibtmp1' size is now 12 MB.
2024-06-11 13:02:11 0 [Note] InnoDB: 10.4.32 started; log sequence number 7425593; transaction id 1071
2024-06-11 13:02:11 0 [Note] InnoDB: Loading buffer pool(s) from C:\xampp\mysql\data\ib_buffer_pool
2024-06-11 13:02:11 0 [Note] Plugin 'FEEDBACK' is disabled.
2024-06-11 13:02:11 0 [Note] Server socket created on IP: '::'.
2024-06-11 13:02:11 0 [Note] InnoDB: Buffer pool(s) load completed at 240611 13:02:11
2024-06-11 14:41:52 0 [Note] Starting MariaDB 10.4.32-MariaDB source revision c4143f909528e3fab0677a28631d10389354c491 as process 31356
2024-06-11 14:41:52 0 [Note] InnoDB: Mutexes and rw_locks use Windows interlocked functions
2024-06-11 14:41:52 0 [Note] InnoDB: Uses event mutexes
2024-06-11 14:41:52 0 [Note] InnoDB: Compressed tables use zlib 1.3
2024-06-11 14:41:52 0 [Note] InnoDB: Number of pools: 1
2024-06-11 14:41:52 0 [Note] InnoDB: Using SSE2 crc32 instructions
2024-06-11 14:41:52 0 [Note] InnoDB: Initializing buffer pool, total size = 16M, instances = 1, chunk size = 16M
2024-06-11 14:41:52 0 [Note] InnoDB: Completed initialization of buffer pool
2024-06-11 14:41:52 0 [Note] InnoDB: Starting crash recovery from checkpoint LSN=8601018
2024-06-11 14:41:52 0 [Note] InnoDB: 128 out of 128 rollback segments are active.
2024-06-11 14:41:52 0 [Note] InnoDB: Removed temporary tablespace data file: "ibtmp1"
2024-06-11 14:41:52 0 [Note] InnoDB: Creating shared tablespace for temporary tables
2024-06-11 14:41:52 0 [Note] InnoDB: Setting file 'C:\xampp\mysql\data\ibtmp1' size to 12 MB. Physically writing the file full; Please wait ...
2024-06-11 14:41:52 0 [Note] InnoDB: File 'C:\xampp\mysql\data\ibtmp1' size is now 12 MB.
2024-06-11 14:41:52 0 [Note] InnoDB: 10.4.32 started; log sequence number 8601027; transaction id 1623
2024-06-11 14:41:52 0 [Note] InnoDB: Loading buffer pool(s) from C:\xampp\mysql\data\ib_buffer_pool
2024-06-11 14:41:52 0 [Note] Plugin 'FEEDBACK' is disabled.
2024-06-11 14:41:52 0 [Note] InnoDB: Buffer pool(s) load completed at 240611 14:41:52
2024-06-11 14:41:52 0 [Note] Server socket created on IP: '::'.
2024-06-13  8:26:34 0 [Note] Starting MariaDB 10.4.32-MariaDB source revision c4143f909528e3fab0677a28631d10389354c491 as process 11568
2024-06-13  8:26:34 0 [Note] InnoDB: Mutexes and rw_locks use Windows interlocked functions
2024-06-13  8:26:34 0 [Note] InnoDB: Uses event mutexes
2024-06-13  8:26:34 0 [Note] InnoDB: Compressed tables use zlib 1.3
2024-06-13  8:26:34 0 [Note] InnoDB: Number of pools: 1
2024-06-13  8:26:34 0 [Note] InnoDB: Using SSE2 crc32 instructions
2024-06-13  8:26:34 0 [Note] InnoDB: Initializing buffer pool, total size = 16M, instances = 1, chunk size = 16M
2024-06-13  8:26:34 0 [Note] InnoDB: Completed initialization of buffer pool
2024-06-13  8:26:34 0 [Note] InnoDB: Starting crash recovery from checkpoint LSN=8644167
2024-06-13  8:26:34 0 [Note] InnoDB: 128 out of 128 rollback segments are active.
2024-06-13  8:26:34 0 [Note] InnoDB: Removed temporary tablespace data file: "ibtmp1"
2024-06-13  8:26:34 0 [Note] InnoDB: Creating shared tablespace for temporary tables
2024-06-13  8:26:34 0 [Note] InnoDB: Setting file 'C:\xampp\mysql\data\ibtmp1' size to 12 MB. Physically writing the file full; Please wait ...
2024-06-13  8:26:34 0 [Note] InnoDB: File 'C:\xampp\mysql\data\ibtmp1' size is now 12 MB.
2024-06-13  8:26:34 0 [Note] InnoDB: 10.4.32 started; log sequence number 8644176; transaction id 1699
2024-06-13  8:26:34 0 [Note] InnoDB: Loading buffer pool(s) from C:\xampp\mysql\data\ib_buffer_pool
2024-06-13  8:26:34 0 [Note] Plugin 'FEEDBACK' is disabled.
2024-06-13  8:26:34 0 [Note] Server socket created on IP: '::'.
2024-06-13 10:07:31 0 [Note] Starting MariaDB 10.4.32-MariaDB source revision c4143f909528e3fab0677a28631d10389354c491 as process 11244
2024-06-13 10:07:31 0 [Note] InnoDB: Mutexes and rw_locks use Windows interlocked functions
2024-06-13 10:07:31 0 [Note] InnoDB: Uses event mutexes
2024-06-13 10:07:31 0 [Note] InnoDB: Compressed tables use zlib 1.3
2024-06-13 10:07:31 0 [Note] InnoDB: Number of pools: 1
2024-06-13 10:07:31 0 [Note] InnoDB: Using SSE2 crc32 instructions
2024-06-13 10:07:31 0 [Note] InnoDB: Initializing buffer pool, total size = 16M, instances = 1, chunk size = 16M
2024-06-13 10:07:31 0 [Note] InnoDB: Completed initialization of buffer pool
2024-06-13 10:07:31 0 [Note] InnoDB: Starting crash recovery from checkpoint LSN=10501460
2024-06-13 10:07:31 0 [Note] InnoDB: 128 out of 128 rollback segments are active.
2024-06-13 10:07:31 0 [Note] InnoDB: Removed temporary tablespace data file: "ibtmp1"
2024-06-13 10:07:31 0 [Note] InnoDB: Creating shared tablespace for temporary tables
2024-06-13 10:07:31 0 [Note] InnoDB: Setting file 'C:\xampp\mysql\data\ibtmp1' size to 12 MB. Physically writing the file full; Please wait ...
2024-06-13 10:07:31 0 [Note] InnoDB: File 'C:\xampp\mysql\data\ibtmp1' size is now 12 MB.
2024-06-13 10:07:31 0 [Note] InnoDB: 10.4.32 started; log sequence number 10501469; transaction id 2113
2024-06-13 10:07:31 0 [Note] InnoDB: Loading buffer pool(s) from C:\xampp\mysql\data\ib_buffer_pool
2024-06-13 10:07:31 0 [Note] Plugin 'FEEDBACK' is disabled.
2024-06-13 10:07:31 0 [Note] InnoDB: Buffer pool(s) load completed at 240613 10:07:31
2024-06-13 10:07:31 0 [Note] Server socket created on IP: '::'.
2024-06-14  8:39:21 0 [Note] Starting MariaDB 10.4.32-MariaDB source revision c4143f909528e3fab0677a28631d10389354c491 as process 2028
2024-06-14  8:39:21 0 [Note] InnoDB: Mutexes and rw_locks use Windows interlocked functions
2024-06-14  8:39:21 0 [Note] InnoDB: Uses event mutexes
2024-06-14  8:39:21 0 [Note] InnoDB: Compressed tables use zlib 1.3
2024-06-14  8:39:21 0 [Note] InnoDB: Number of pools: 1
2024-06-14  8:39:21 0 [Note] InnoDB: Using SSE2 crc32 instructions
2024-06-14  8:39:21 0 [Note] InnoDB: Initializing buffer pool, total size = 16M, instances = 1, chunk size = 16M
2024-06-14  8:39:21 0 [Note] InnoDB: Completed initialization of buffer pool
2024-06-14  8:39:21 0 [Note] InnoDB: Starting crash recovery from checkpoint LSN=10679783
2024-06-14  8:39:21 0 [Note] InnoDB: 128 out of 128 rollback segments are active.
2024-06-14  8:39:21 0 [Note] InnoDB: Removed temporary tablespace data file: "ibtmp1"
2024-06-14  8:39:21 0 [Note] InnoDB: Creating shared tablespace for temporary tables
2024-06-14  8:39:21 0 [Note] InnoDB: Setting file 'C:\xampp\mysql\data\ibtmp1' size to 12 MB. Physically writing the file full; Please wait ...
2024-06-14  8:39:21 0 [Note] InnoDB: File 'C:\xampp\mysql\data\ibtmp1' size is now 12 MB.
2024-06-14  8:39:21 0 [Note] InnoDB: 10.4.32 started; log sequence number 10679792; transaction id 2298
2024-06-14  8:39:21 0 [Note] InnoDB: Loading buffer pool(s) from C:\xampp\mysql\data\ib_buffer_pool
2024-06-14  8:39:21 0 [Note] Plugin 'FEEDBACK' is disabled.
2024-06-14  8:39:21 0 [Note] Server socket created on IP: '::'.
2024-06-17  8:39:51 0 [Note] Starting MariaDB 10.4.32-MariaDB source revision c4143f909528e3fab0677a28631d10389354c491 as process 33064
2024-06-17  8:39:51 0 [Note] InnoDB: Mutexes and rw_locks use Windows interlocked functions
2024-06-17  8:39:51 0 [Note] InnoDB: Uses event mutexes
2024-06-17  8:39:51 0 [Note] InnoDB: Compressed tables use zlib 1.3
2024-06-17  8:39:51 0 [Note] InnoDB: Number of pools: 1
2024-06-17  8:39:51 0 [Note] InnoDB: Using SSE2 crc32 instructions
2024-06-17  8:39:51 0 [Note] InnoDB: Initializing buffer pool, total size = 16M, instances = 1, chunk size = 16M
2024-06-17  8:39:51 0 [Note] InnoDB: Completed initialization of buffer pool
2024-06-17  8:39:51 0 [Note] InnoDB: Starting crash recovery from checkpoint LSN=12625064
2024-06-17  8:39:52 0 [Note] InnoDB: 128 out of 128 rollback segments are active.
2024-06-17  8:39:52 0 [Note] InnoDB: Removed temporary tablespace data file: "ibtmp1"
2024-06-17  8:39:52 0 [Note] InnoDB: Creating shared tablespace for temporary tables
2024-06-17  8:39:52 0 [Note] InnoDB: Setting file 'C:\xampp\mysql\data\ibtmp1' size to 12 MB. Physically writing the file full; Please wait ...
2024-06-17  8:39:52 0 [Note] InnoDB: File 'C:\xampp\mysql\data\ibtmp1' size is now 12 MB.
2024-06-17  8:39:52 0 [Note] InnoDB: 10.4.32 started; log sequence number 12625073; transaction id 2691
2024-06-17  8:39:52 0 [Note] InnoDB: Loading buffer pool(s) from C:\xampp\mysql\data\ib_buffer_pool
2024-06-17  8:39:52 0 [Note] Plugin 'FEEDBACK' is disabled.
2024-06-17  8:39:52 0 [Note] InnoDB: Buffer pool(s) load completed at 240617  8:39:52
2024-06-17  8:39:52 0 [Note] Server socket created on IP: '::'.
2024-06-17 11:05:41 0 [Note] Starting MariaDB 10.4.32-MariaDB source revision c4143f909528e3fab0677a28631d10389354c491 as process 10784
2024-06-17 11:05:41 0 [Note] InnoDB: Mutexes and rw_locks use Windows interlocked functions
2024-06-17 11:05:41 0 [Note] InnoDB: Uses event mutexes
2024-06-17 11:05:41 0 [Note] InnoDB: Compressed tables use zlib 1.3
2024-06-17 11:05:41 0 [Note] InnoDB: Number of pools: 1
2024-06-17 11:05:41 0 [Note] InnoDB: Using SSE2 crc32 instructions
2024-06-17 11:05:41 0 [Note] InnoDB: Initializing buffer pool, total size = 16M, instances = 1, chunk size = 16M
2024-06-17 11:05:41 0 [Note] InnoDB: Completed initialization of buffer pool
2024-06-17 11:05:41 0 [Note] InnoDB: Starting crash recovery from checkpoint LSN=14461841
2024-06-17 11:05:41 0 [Note] InnoDB: 128 out of 128 rollback segments are active.
2024-06-17 11:05:41 0 [Note] InnoDB: Removed temporary tablespace data file: "ibtmp1"
2024-06-17 11:05:41 0 [Note] InnoDB: Creating shared tablespace for temporary tables
2024-06-17 11:05:41 0 [Note] InnoDB: Setting file 'C:\xampp\mysql\data\ibtmp1' size to 12 MB. Physically writing the file full; Please wait ...
2024-06-17 11:05:41 0 [Note] InnoDB: File 'C:\xampp\mysql\data\ibtmp1' size is now 12 MB.
2024-06-17 11:05:41 0 [Note] InnoDB: 10.4.32 started; log sequence number 14461850; transaction id 3288
2024-06-17 11:05:41 0 [Note] InnoDB: Loading buffer pool(s) from C:\xampp\mysql\data\ib_buffer_pool
2024-06-17 11:05:41 0 [Note] Plugin 'FEEDBACK' is disabled.
2024-06-17 11:05:41 0 [Note] Server socket created on IP: '::'.
2024-06-17 11:11:40 0 [Note] Starting MariaDB 10.4.32-MariaDB source revision c4143f909528e3fab0677a28631d10389354c491 as process 35868
2024-06-17 11:11:40 0 [Note] InnoDB: Mutexes and rw_locks use Windows interlocked functions
2024-06-17 11:11:40 0 [Note] InnoDB: Uses event mutexes
2024-06-17 11:11:40 0 [Note] InnoDB: Compressed tables use zlib 1.3
2024-06-17 11:11:40 0 [Note] InnoDB: Number of pools: 1
2024-06-17 11:11:40 0 [Note] InnoDB: Using SSE2 crc32 instructions
2024-06-17 11:11:40 0 [Note] InnoDB: Initializing buffer pool, total size = 16M, instances = 1, chunk size = 16M
2024-06-17 11:11:40 0 [Note] InnoDB: Completed initialization of buffer pool
2024-06-17 11:11:40 0 [Note] InnoDB: Starting crash recovery from checkpoint LSN=14476955
2024-06-17 11:11:40 0 [Note] InnoDB: 128 out of 128 rollback segments are active.
2024-06-17 11:11:40 0 [Note] InnoDB: Removed temporary tablespace data file: "ibtmp1"
2024-06-17 11:11:40 0 [Note] InnoDB: Creating shared tablespace for temporary tables
2024-06-17 11:11:40 0 [Note] InnoDB: Setting file 'C:\xampp\mysql\data\ibtmp1' size to 12 MB. Physically writing the file full; Please wait ...
2024-06-17 11:11:40 0 [Note] InnoDB: File 'C:\xampp\mysql\data\ibtmp1' size is now 12 MB.
2024-06-17 11:11:40 0 [Note] InnoDB: 10.4.32 started; log sequence number 14476964; transaction id 3324
2024-06-17 11:11:40 0 [Note] InnoDB: Loading buffer pool(s) from C:\xampp\mysql\data\ib_buffer_pool
2024-06-17 11:11:40 0 [Note] Plugin 'FEEDBACK' is disabled.
2024-06-17 11:11:40 0 [Note] Server socket created on IP: '::'.
2024-06-17 11:34:53 0 [Note] Starting MariaDB 10.4.32-MariaDB source revision c4143f909528e3fab0677a28631d10389354c491 as process 40768
2024-06-17 11:34:53 0 [Note] InnoDB: Mutexes and rw_locks use Windows interlocked functions
2024-06-17 11:34:53 0 [Note] InnoDB: Uses event mutexes
2024-06-17 11:34:53 0 [Note] InnoDB: Compressed tables use zlib 1.3
2024-06-17 11:34:53 0 [Note] InnoDB: Number of pools: 1
2024-06-17 11:34:53 0 [Note] InnoDB: Using SSE2 crc32 instructions
2024-06-17 11:34:53 0 [Note] InnoDB: Initializing buffer pool, total size = 16M, instances = 1, chunk size = 16M
2024-06-17 11:34:53 0 [Note] InnoDB: Completed initialization of buffer pool
2024-06-17 11:34:54 0 [Note] InnoDB: Starting crash recovery from checkpoint LSN=14478788
2024-06-17 11:34:54 0 [Note] InnoDB: 128 out of 128 rollback segments are active.
2024-06-17 11:34:54 0 [Note] InnoDB: Removed temporary tablespace data file: "ibtmp1"
2024-06-17 11:34:54 0 [Note] InnoDB: Creating shared tablespace for temporary tables
2024-06-17 11:34:54 0 [Note] InnoDB: Setting file 'C:\xampp\mysql\data\ibtmp1' size to 12 MB. Physically writing the file full; Please wait ...
2024-06-17 11:34:54 0 [Note] InnoDB: File 'C:\xampp\mysql\data\ibtmp1' size is now 12 MB.
2024-06-17 11:34:54 0 [Note] InnoDB: 10.4.32 started; log sequence number 14478797; transaction id 3332
2024-06-17 11:34:54 0 [Note] InnoDB: Loading buffer pool(s) from C:\xampp\mysql\data\ib_buffer_pool
2024-06-17 11:34:54 0 [Note] Plugin 'FEEDBACK' is disabled.
2024-06-17 11:34:54 0 [Note] Server socket created on IP: '::'.
2024-06-17 11:41:23 0 [Note] Starting MariaDB 10.4.32-MariaDB source revision c4143f909528e3fab0677a28631d10389354c491 as process 14096
2024-06-17 11:41:23 0 [Note] InnoDB: Mutexes and rw_locks use Windows interlocked functions
2024-06-17 11:41:23 0 [Note] InnoDB: Uses event mutexes
2024-06-17 11:41:23 0 [Note] InnoDB: Compressed tables use zlib 1.3
2024-06-17 11:41:23 0 [Note] InnoDB: Number of pools: 1
2024-06-17 11:41:23 0 [Note] InnoDB: Using SSE2 crc32 instructions
2024-06-17 11:41:23 0 [Note] InnoDB: Initializing buffer pool, total size = 16M, instances = 1, chunk size = 16M
2024-06-17 11:41:23 0 [Note] InnoDB: Completed initialization of buffer pool
2024-06-17 11:41:23 0 [Note] InnoDB: Starting crash recovery from checkpoint LSN=14505856
2024-06-17 11:41:23 0 [Note] InnoDB: 128 out of 128 rollback segments are active.
2024-06-17 11:41:23 0 [Note] InnoDB: Removed temporary tablespace data file: "ibtmp1"
2024-06-17 11:41:23 0 [Note] InnoDB: Creating shared tablespace for temporary tables
2024-06-17 11:41:23 0 [Note] InnoDB: Setting file 'C:\xampp\mysql\data\ibtmp1' size to 12 MB. Physically writing the file full; Please wait ...
2024-06-17 11:41:23 0 [Note] InnoDB: File 'C:\xampp\mysql\data\ibtmp1' size is now 12 MB.
2024-06-17 11:41:23 0 [Note] InnoDB: 10.4.32 started; log sequence number 14505865; transaction id 3383
2024-06-17 11:41:23 0 [Note] InnoDB: Loading buffer pool(s) from C:\xampp\mysql\data\ib_buffer_pool
2024-06-17 11:41:23 0 [Note] Plugin 'FEEDBACK' is disabled.
2024-06-17 11:41:23 0 [Note] Server socket created on IP: '::'.
